[11:26:13 WRN OmniSharp.Extensions.LanguageServer.Server.Configuration.DidChangeConfigurationProvider] No ConfigurationItems have been defined, configuration won't surface any configuration from the client!
[12:12:58 WRN Microsoft.Dafny.LanguageServer.Server] Shutting down language server because parent process died.
[14:39:39 WRN OmniSharp.Extensions.LanguageServer.Server.Configuration.DidChangeConfigurationProvider] No ConfigurationItems have been defined, configuration won't surface any configuration from the client!
[14:40:48 INF Microsoft.Dafny.LanguageServer.Workspace.IdeStateObserver] document processing cancelled.
[14:40:48 INF Microsoft.Dafny.LanguageServer.Workspace.IdeStateObserver] document processing cancelled.
[14:40:48 INF Microsoft.Dafny.LanguageServer.Workspace.IdeStateObserver] document processing cancelled.
[14:40:52 INF Microsoft.Dafny.LanguageServer.Workspace.IdeStateObserver] document processing cancelled.
[14:40:53 INF Microsoft.Dafny.LanguageServer.Workspace.IdeStateObserver] document processing cancelled.
[14:40:57 INF Microsoft.Dafny.LanguageServer.Workspace.IdeStateObserver] document processing cancelled.
[14:40:57 INF Microsoft.Dafny.LanguageServer.Workspace.IdeStateObserver] document processing cancelled.
[14:41:02 INF Microsoft.Dafny.LanguageServer.Workspace.IdeStateObserver] document processing cancelled.
[14:41:06 INF Microsoft.Dafny.LanguageServer.Workspace.IdeStateObserver] document processing cancelled.
[14:41:06 INF Microsoft.Dafny.LanguageServer.Workspace.IdeStateObserver] document processing cancelled.
[14:41:06 INF Microsoft.Dafny.LanguageServer.Workspace.IdeStateObserver] document processing cancelled.
[14:41:09 INF Microsoft.Dafny.LanguageServer.Workspace.IdeStateObserver] document processing cancelled.
[14:41:09 INF Microsoft.Dafny.LanguageServer.Workspace.IdeStateObserver] document processing cancelled.
[14:41:11 WRN Microsoft.Dafny.LanguageServer.Language.Symbols.SignatureAndCompletionTable] Two registered symbols as the same position (line 82, character 21)
[14:41:27 INF Microsoft.Dafny.LanguageServer.Workspace.IdeStateObserver] document processing cancelled.
[14:41:28 INF Microsoft.Dafny.LanguageServer.Workspace.IdeStateObserver] document processing cancelled.
[14:41:44 INF Microsoft.Dafny.LanguageServer.Workspace.IdeStateObserver] document processing cancelled.
[14:41:48 INF Microsoft.Dafny.LanguageServer.Workspace.IdeStateObserver] document processing cancelled.
[14:41:51 INF Microsoft.Dafny.LanguageServer.Workspace.IdeStateObserver] document processing cancelled.
[14:41:52 INF Microsoft.Dafny.LanguageServer.Workspace.IdeStateObserver] document processing cancelled.
[14:42:02 INF Microsoft.Dafny.LanguageServer.Workspace.IdeStateObserver] document processing cancelled.
[14:42:03 INF Microsoft.Dafny.LanguageServer.Workspace.IdeStateObserver] document processing cancelled.
[14:42:11 INF Microsoft.Dafny.LanguageServer.Workspace.IdeStateObserver] document processing cancelled.
[14:42:11 INF Microsoft.Dafny.LanguageServer.Workspace.IdeStateObserver] document processing cancelled.
[14:42:11 INF Microsoft.Dafny.LanguageServer.Workspace.IdeStateObserver] document processing cancelled.
[14:42:11 INF Microsoft.Dafny.LanguageServer.Workspace.IdeStateObserver] document processing cancelled.
[14:42:11 INF Microsoft.Dafny.LanguageServer.Workspace.IdeStateObserver] document processing cancelled.
[14:42:12 INF Microsoft.Dafny.LanguageServer.Workspace.IdeStateObserver] document processing cancelled.
[14:42:12 INF Microsoft.Dafny.LanguageServer.Workspace.IdeStateObserver] document processing cancelled.
[14:42:33 INF Microsoft.Dafny.LanguageServer.Workspace.IdeStateObserver] document processing cancelled.
[14:42:40 INF Microsoft.Dafny.LanguageServer.Workspace.IdeStateObserver] document processing cancelled.
[14:42:47 INF Microsoft.Dafny.LanguageServer.Workspace.IdeStateObserver] document processing cancelled.
[14:42:47 INF Microsoft.Dafny.LanguageServer.Workspace.IdeStateObserver] document processing cancelled.
[14:42:47 INF Microsoft.Dafny.LanguageServer.Workspace.IdeStateObserver] document processing cancelled.
[14:42:48 INF Microsoft.Dafny.LanguageServer.Workspace.IdeStateObserver] document processing cancelled.
[14:42:48 INF Microsoft.Dafny.LanguageServer.Workspace.IdeStateObserver] document processing cancelled.
[14:42:48 INF Microsoft.Dafny.LanguageServer.Workspace.IdeStateObserver] document processing cancelled.
[14:42:49 INF Microsoft.Dafny.LanguageServer.Workspace.IdeStateObserver] document processing cancelled.
[14:42:49 INF Microsoft.Dafny.LanguageServer.Workspace.IdeStateObserver] document processing cancelled.
[14:42:53 INF Microsoft.Dafny.LanguageServer.Workspace.IdeStateObserver] document processing cancelled.
[14:43:58 INF Microsoft.Dafny.LanguageServer.Workspace.IdeStateObserver] document processing cancelled.
[14:44:06 INF Microsoft.Dafny.LanguageServer.Workspace.IdeStateObserver] document processing cancelled.
[14:44:07 INF Microsoft.Dafny.LanguageServer.Workspace.IdeStateObserver] document processing cancelled.
[14:44:24 INF Microsoft.Dafny.LanguageServer.Workspace.IdeStateObserver] document processing cancelled.
[14:44:29 INF Microsoft.Dafny.LanguageServer.Workspace.IdeStateObserver] document processing cancelled.
[14:44:30 INF Microsoft.Dafny.LanguageServer.Workspace.IdeStateObserver] document processing cancelled.
[14:44:32 INF Microsoft.Dafny.LanguageServer.Workspace.IdeStateObserver] document processing cancelled.
[14:44:33 INF Microsoft.Dafny.LanguageServer.Workspace.IdeStateObserver] document processing cancelled.
[14:44:34 INF Microsoft.Dafny.LanguageServer.Workspace.IdeStateObserver] document processing cancelled.
[14:44:39 INF Microsoft.Dafny.LanguageServer.Workspace.IdeStateObserver] document processing cancelled.
[14:44:46 INF Microsoft.Dafny.LanguageServer.Workspace.IdeStateObserver] document processing cancelled.
[14:44:56 INF Microsoft.Dafny.LanguageServer.Workspace.IdeStateObserver] document processing cancelled.
[14:44:58 INF Microsoft.Dafny.LanguageServer.Workspace.IdeStateObserver] document processing cancelled.
[14:45:00 INF Microsoft.Dafny.LanguageServer.Workspace.IdeStateObserver] document processing cancelled.
[14:45:01 INF Microsoft.Dafny.LanguageServer.Workspace.IdeStateObserver] document processing cancelled.
[14:45:02 INF Microsoft.Dafny.LanguageServer.Workspace.IdeStateObserver] document processing cancelled.
[14:45:04 INF Microsoft.Dafny.LanguageServer.Workspace.IdeStateObserver] document processing cancelled.
[14:45:58 INF Microsoft.Dafny.LanguageServer.Workspace.IdeStateObserver] document processing cancelled.
[14:46:01 INF Microsoft.Dafny.LanguageServer.Workspace.IdeStateObserver] document processing cancelled.
[14:46:01 INF Microsoft.Dafny.LanguageServer.Workspace.IdeStateObserver] document processing cancelled.
[14:46:01 INF Microsoft.Dafny.LanguageServer.Workspace.IdeStateObserver] document processing cancelled.
[14:46:01 INF Microsoft.Dafny.LanguageServer.Workspace.IdeStateObserver] document processing cancelled.
[14:47:59 INF Microsoft.Dafny.LanguageServer.Workspace.IdeStateObserver] document processing cancelled.
[14:49:19 INF Microsoft.Dafny.LanguageServer.Workspace.IdeStateObserver] document processing cancelled.
[14:50:59 INF Microsoft.Dafny.LanguageServer.Workspace.IdeStateObserver] document processing cancelled.
[14:50:59 INF Microsoft.Dafny.LanguageServer.Workspace.IdeStateObserver] document processing cancelled.
[14:51:05 INF Microsoft.Dafny.LanguageServer.Workspace.IdeStateObserver] document processing cancelled.
[14:51:05 INF Microsoft.Dafny.LanguageServer.Workspace.IdeStateObserver] document processing cancelled.
[14:51:05 INF Microsoft.Dafny.LanguageServer.Workspace.IdeStateObserver] document processing cancelled.
[14:51:05 INF Microsoft.Dafny.LanguageServer.Workspace.IdeStateObserver] document processing cancelled.
[14:51:30 INF Microsoft.Dafny.LanguageServer.Workspace.IdeStateObserver] document processing cancelled.
[14:51:32 INF Microsoft.Dafny.LanguageServer.Workspace.IdeStateObserver] document processing cancelled.
[14:51:34 INF Microsoft.Dafny.LanguageServer.Workspace.IdeStateObserver] document processing cancelled.
[14:51:34 INF Microsoft.Dafny.LanguageServer.Workspace.IdeStateObserver] document processing cancelled.
[14:51:35 INF Microsoft.Dafny.LanguageServer.Workspace.IdeStateObserver] document processing cancelled.
[14:51:35 INF Microsoft.Dafny.LanguageServer.Workspace.IdeStateObserver] document processing cancelled.
[14:51:35 INF Microsoft.Dafny.LanguageServer.Workspace.IdeStateObserver] document processing cancelled.
[14:51:35 INF Microsoft.Dafny.LanguageServer.Workspace.IdeStateObserver] document processing cancelled.
[14:51:35 INF Microsoft.Dafny.LanguageServer.Workspace.IdeStateObserver] document processing cancelled.
[14:51:35 INF Microsoft.Dafny.LanguageServer.Workspace.IdeStateObserver] document processing cancelled.
[14:51:44 INF Microsoft.Dafny.LanguageServer.Workspace.IdeStateObserver] document processing cancelled.
[14:51:44 INF Microsoft.Dafny.LanguageServer.Workspace.IdeStateObserver] document processing cancelled.
[14:51:44 INF Microsoft.Dafny.LanguageServer.Workspace.IdeStateObserver] document processing cancelled.
[14:51:44 INF Microsoft.Dafny.LanguageServer.Workspace.IdeStateObserver] document processing cancelled.
[14:51:44 INF Microsoft.Dafny.LanguageServer.Workspace.IdeStateObserver] document processing cancelled.
[14:51:46 INF Microsoft.Dafny.LanguageServer.Workspace.IdeStateObserver] document processing cancelled.
[14:51:46 INF Microsoft.Dafny.LanguageServer.Workspace.IdeStateObserver] document processing cancelled.
[14:51:46 INF Microsoft.Dafny.LanguageServer.Workspace.IdeStateObserver] document processing cancelled.
[14:51:46 INF Microsoft.Dafny.LanguageServer.Workspace.IdeStateObserver] document processing cancelled.
[14:51:47 INF Microsoft.Dafny.LanguageServer.Workspace.IdeStateObserver] document processing cancelled.
[14:51:47 INF Microsoft.Dafny.LanguageServer.Workspace.IdeStateObserver] document processing cancelled.
[14:51:47 INF Microsoft.Dafny.LanguageServer.Workspace.IdeStateObserver] document processing cancelled.
[14:51:47 INF Microsoft.Dafny.LanguageServer.Workspace.IdeStateObserver] document processing cancelled.
[14:51:47 INF Microsoft.Dafny.LanguageServer.Workspace.IdeStateObserver] document processing cancelled.
[14:51:48 INF Microsoft.Dafny.LanguageServer.Workspace.IdeStateObserver] document processing cancelled.
[14:51:48 INF Microsoft.Dafny.LanguageServer.Workspace.IdeStateObserver] document processing cancelled.
[14:51:48 INF Microsoft.Dafny.LanguageServer.Workspace.IdeStateObserver] document processing cancelled.
[14:51:48 INF Microsoft.Dafny.LanguageServer.Workspace.IdeStateObserver] document processing cancelled.
[14:51:49 INF Microsoft.Dafny.LanguageServer.Workspace.IdeStateObserver] document processing cancelled.
[14:51:49 INF Microsoft.Dafny.LanguageServer.Workspace.IdeStateObserver] document processing cancelled.
[14:51:49 INF Microsoft.Dafny.LanguageServer.Workspace.IdeStateObserver] document processing cancelled.
[14:51:50 INF Microsoft.Dafny.LanguageServer.Workspace.IdeStateObserver] document processing cancelled.
[14:51:51 INF Microsoft.Dafny.LanguageServer.Workspace.IdeStateObserver] document processing cancelled.
[14:51:54 INF Microsoft.Dafny.LanguageServer.Workspace.IdeStateObserver] document processing cancelled.
[14:52:27 INF Microsoft.Dafny.LanguageServer.Workspace.IdeStateObserver] document processing cancelled.
[14:52:27 INF Microsoft.Dafny.LanguageServer.Workspace.IdeStateObserver] document processing cancelled.
[14:52:27 INF Microsoft.Dafny.LanguageServer.Workspace.IdeStateObserver] document processing cancelled.
[14:52:28 INF Microsoft.Dafny.LanguageServer.Workspace.IdeStateObserver] document processing cancelled.
[14:52:29 INF Microsoft.Dafny.LanguageServer.Workspace.IdeStateObserver] document processing cancelled.
[14:53:00 INF Microsoft.Dafny.LanguageServer.Workspace.IdeStateObserver] document processing cancelled.
[14:53:00 INF Microsoft.Dafny.LanguageServer.Workspace.IdeStateObserver] document processing cancelled.
[14:53:00 INF Microsoft.Dafny.LanguageServer.Workspace.IdeStateObserver] document processing cancelled.
[14:53:01 INF Microsoft.Dafny.LanguageServer.Workspace.IdeStateObserver] document processing cancelled.
[14:53:01 INF Microsoft.Dafny.LanguageServer.Workspace.IdeStateObserver] document processing cancelled.
[14:53:01 INF Microsoft.Dafny.LanguageServer.Workspace.IdeStateObserver] document processing cancelled.
[14:53:02 INF Microsoft.Dafny.LanguageServer.Workspace.IdeStateObserver] document processing cancelled.
[14:53:02 INF Microsoft.Dafny.LanguageServer.Workspace.IdeStateObserver] document processing cancelled.
[14:53:03 INF Microsoft.Dafny.LanguageServer.Workspace.IdeStateObserver] document processing cancelled.
[14:53:03 INF Microsoft.Dafny.LanguageServer.Workspace.IdeStateObserver] document processing cancelled.
[14:53:03 INF Microsoft.Dafny.LanguageServer.Workspace.IdeStateObserver] document processing cancelled.
[14:53:03 INF Microsoft.Dafny.LanguageServer.Workspace.IdeStateObserver] document processing cancelled.
[14:53:04 INF Microsoft.Dafny.LanguageServer.Workspace.IdeStateObserver] document processing cancelled.
[14:53:04 INF Microsoft.Dafny.LanguageServer.Workspace.IdeStateObserver] document processing cancelled.
[14:53:04 INF Microsoft.Dafny.LanguageServer.Workspace.IdeStateObserver] document processing cancelled.
[14:53:05 INF Microsoft.Dafny.LanguageServer.Workspace.IdeStateObserver] document processing cancelled.
[14:53:05 INF Microsoft.Dafny.LanguageServer.Workspace.IdeStateObserver] document processing cancelled.
[14:53:05 INF Microsoft.Dafny.LanguageServer.Workspace.IdeStateObserver] document processing cancelled.
[14:53:06 INF Microsoft.Dafny.LanguageServer.Workspace.IdeStateObserver] document processing cancelled.
[14:53:17 INF Microsoft.Dafny.LanguageServer.Workspace.IdeStateObserver] document processing cancelled.
[14:53:17 INF Microsoft.Dafny.LanguageServer.Workspace.IdeStateObserver] document processing cancelled.
[14:53:18 INF Microsoft.Dafny.LanguageServer.Workspace.IdeStateObserver] document processing cancelled.
[14:53:18 INF Microsoft.Dafny.LanguageServer.Workspace.IdeStateObserver] document processing cancelled.
[14:53:18 INF Microsoft.Dafny.LanguageServer.Workspace.IdeStateObserver] document processing cancelled.
[14:53:18 INF Microsoft.Dafny.LanguageServer.Workspace.IdeStateObserver] document processing cancelled.
[14:53:18 INF Microsoft.Dafny.LanguageServer.Workspace.IdeStateObserver] document processing cancelled.
[14:53:19 INF Microsoft.Dafny.LanguageServer.Workspace.IdeStateObserver] document processing cancelled.
[14:53:20 INF Microsoft.Dafny.LanguageServer.Workspace.IdeStateObserver] document processing cancelled.
[14:53:20 INF Microsoft.Dafny.LanguageServer.Workspace.IdeStateObserver] document processing cancelled.
[14:53:20 INF Microsoft.Dafny.LanguageServer.Workspace.IdeStateObserver] document processing cancelled.
[14:53:20 INF Microsoft.Dafny.LanguageServer.Workspace.IdeStateObserver] document processing cancelled.
[14:53:20 INF Microsoft.Dafny.LanguageServer.Workspace.IdeStateObserver] document processing cancelled.
[14:53:20 INF Microsoft.Dafny.LanguageServer.Workspace.IdeStateObserver] document processing cancelled.
[14:53:21 INF Microsoft.Dafny.LanguageServer.Workspace.IdeStateObserver] document processing cancelled.
[14:53:21 INF Microsoft.Dafny.LanguageServer.Workspace.IdeStateObserver] document processing cancelled.
[14:53:21 INF Microsoft.Dafny.LanguageServer.Workspace.IdeStateObserver] document processing cancelled.
[14:53:22 INF Microsoft.Dafny.LanguageServer.Workspace.IdeStateObserver] document processing cancelled.
[14:53:22 INF Microsoft.Dafny.LanguageServer.Workspace.IdeStateObserver] document processing cancelled.
[14:53:22 INF Microsoft.Dafny.LanguageServer.Workspace.IdeStateObserver] document processing cancelled.
[14:53:22 INF Microsoft.Dafny.LanguageServer.Workspace.IdeStateObserver] document processing cancelled.
[14:53:35 INF Microsoft.Dafny.LanguageServer.Workspace.IdeStateObserver] document processing cancelled.
[14:53:35 INF Microsoft.Dafny.LanguageServer.Workspace.IdeStateObserver] document processing cancelled.
[14:53:35 INF Microsoft.Dafny.LanguageServer.Workspace.IdeStateObserver] document processing cancelled.
[14:53:35 INF Microsoft.Dafny.LanguageServer.Workspace.IdeStateObserver] document processing cancelled.
[14:53:37 INF Microsoft.Dafny.LanguageServer.Workspace.IdeStateObserver] document processing cancelled.
[14:54:32 INF Microsoft.Dafny.LanguageServer.Workspace.IdeStateObserver] document processing cancelled.
[14:54:34 INF Microsoft.Dafny.LanguageServer.Workspace.IdeStateObserver] document processing cancelled.
[14:54:36 INF Microsoft.Dafny.LanguageServer.Workspace.IdeStateObserver] document processing cancelled.
[14:54:49 INF Microsoft.Dafny.LanguageServer.Workspace.IdeStateObserver] document processing cancelled.
[14:54:51 INF Microsoft.Dafny.LanguageServer.Workspace.IdeStateObserver] document processing cancelled.
[14:54:52 INF Microsoft.Dafny.LanguageServer.Workspace.IdeStateObserver] document processing cancelled.
[14:54:52 INF Microsoft.Dafny.LanguageServer.Workspace.IdeStateObserver] document processing cancelled.
[14:54:59 INF Microsoft.Dafny.LanguageServer.Workspace.IdeStateObserver] document processing cancelled.
[14:54:59 INF Microsoft.Dafny.LanguageServer.Workspace.IdeStateObserver] document processing cancelled.
[14:55:08 INF Microsoft.Dafny.LanguageServer.Workspace.IdeStateObserver] document processing cancelled.
[14:55:08 INF Microsoft.Dafny.LanguageServer.Workspace.IdeStateObserver] document processing cancelled.
[14:55:12 INF Microsoft.Dafny.LanguageServer.Workspace.IdeStateObserver] document processing cancelled.
[14:55:18 INF Microsoft.Dafny.LanguageServer.Workspace.IdeStateObserver] document processing cancelled.
[14:55:18 INF Microsoft.Dafny.LanguageServer.Workspace.IdeStateObserver] document processing cancelled.
[14:55:18 INF Microsoft.Dafny.LanguageServer.Workspace.IdeStateObserver] document processing cancelled.
[14:55:18 INF Microsoft.Dafny.LanguageServer.Workspace.IdeStateObserver] document processing cancelled.
[14:55:21 INF Microsoft.Dafny.LanguageServer.Workspace.IdeStateObserver] document processing cancelled.
[14:55:24 INF Microsoft.Dafny.LanguageServer.Workspace.IdeStateObserver] document processing cancelled.
[14:55:42 INF Microsoft.Dafny.LanguageServer.Workspace.IdeStateObserver] document processing cancelled.
[14:56:02 INF Microsoft.Dafny.LanguageServer.Workspace.IdeStateObserver] document processing cancelled.
[14:56:05 INF Microsoft.Dafny.LanguageServer.Workspace.IdeStateObserver] document processing cancelled.
[14:56:30 INF Microsoft.Dafny.LanguageServer.Workspace.IdeStateObserver] document processing cancelled.
[14:56:35 INF Microsoft.Dafny.LanguageServer.Workspace.IdeStateObserver] document processing cancelled.
[14:56:37 WRN Microsoft.Dafny.LanguageServer.Server] Shutting down language server because parent proce[14:58:15 INF Microsoft.Dafny.LanguageServer.Workspace.IdeStateObserver] document processing cancelled.
[14:59:31 INF Microsoft.Dafny.LanguageServer.Workspace.IdeStateObserver] document processing cancelled.
[14:59:41 INF Microsoft.Dafny.LanguageServer.Workspace.IdeStateObserver] document processing cancelled.
[14:59:46 INF Microsoft.Dafny.LanguageServer.Workspace.IdeStateObserver] document processing cancelled.
[14:59:47 INF Microsoft.Dafny.LanguageServer.Workspace.IdeStateObserver] document processing cancelled.
[14:59:47 INF Microsoft.Dafny.LanguageServer.Workspace.IdeStateObserver] document processing cancelled.
[14:59:52 INF Microsoft.Dafny.LanguageServer.Workspace.IdeStateObserver] document processing cancelled.
[14:59:54 INF Microsoft.Dafny.LanguageServer.Workspace.IdeStateObserver] document processing cancelled.
[14:59:54 INF Microsoft.Dafny.LanguageServer.Workspace.IdeStateObserver] document processing cancelled.
[14:59:54 INF Microsoft.Dafny.LanguageServer.Workspace.IdeStateObserver] document processing cancelled.
[15:00:01 INF Microsoft.Dafny.LanguageServer.Workspace.IdeStateObserver] document processing cancelled.
[15:00:11 INF Microsoft.Dafny.LanguageServer.Workspace.IdeStateObserver] document processing cancelled.
[15:00:14 INF Microsoft.Dafny.LanguageServer.Workspace.IdeStateObserver] document processing cancelled.
[15:00:14 INF Microsoft.Dafny.LanguageServer.Workspace.IdeStateObserver] document processing cancelled.
[15:00:21 INF Microsoft.Dafny.LanguageServer.Workspace.IdeStateObserver] document processing cancelled.
[15:00:24 INF Microsoft.Dafny.LanguageServer.Workspace.IdeStateObserver] document processing cancelled.
[15:00:24 INF Microsoft.Dafny.LanguageServer.Workspace.IdeStateObserver] document processing cancelled.
[15:00:24 INF Microsoft.Dafny.LanguageServer.Workspace.IdeStateObserver] document processing cancelled.
[15:00:34 INF Microsoft.Dafny.LanguageServer.Workspace.IdeStateObserver] document processing cancelled.
[15:00:34 INF Microsoft.Dafny.LanguageServer.Workspace.IdeStateObserver] document processing cancelled.
[15:00:34 INF Microsoft.Dafny.LanguageServer.Workspace.IdeStateObserver] document processing cancelled.
[15:00:35 INF Microsoft.Dafny.LanguageServer.Workspace.IdeStateObserver] document processing cancelled.
[15:00:35 INF Microsoft.Dafny.LanguageServer.Workspace.IdeStateObserver] document processing cancelled.
[15:00:38 INF Microsoft.Dafny.LanguageServer.Workspace.IdeStateObserver] document processing cancelled.
[15:00:44 INF Microsoft.Dafny.LanguageServer.Workspace.IdeStateObserver] document processing cancelled.
[15:00:44 INF Microsoft.Dafny.LanguageServer.Workspace.IdeStateObserver] document processing cancelled.
[15:00:44 INF Microsoft.Dafny.LanguageServer.Workspace.IdeStateObserver] document processing cancelled.
[15:00:44 INF Microsoft.Dafny.LanguageServer.Workspace.IdeStateObserver] document processing cancelled.
[15:00:52 INF Microsoft.Dafny.LanguageServer.Workspace.IdeStateObserver] document processing cancelled.
[15:00:54 INF Microsoft.Dafny.LanguageServer.Workspace.IdeStateObserver] document processing cancelled.
[15:00:54 INF Microsoft.Dafny.LanguageServer.Workspace.IdeStateObserver] document processing cancelled.
[15:00:54 INF Microsoft.Dafny.LanguageServer.Workspace.IdeStateObserver] document processing cancelled.
[15:00:56 INF Microsoft.Dafny.LanguageServer.Workspace.IdeStateObserver] document processing cancelled.
[15:00:56 INF Microsoft.Dafny.LanguageServer.Workspace.IdeStateObserver] document processing cancelled.
[15:00:58 INF Microsoft.Dafny.LanguageServer.Workspace.IdeStateObserver] document processing cancelled.
[15:01:00 INF Microsoft.Dafny.LanguageServer.Workspace.IdeStateObserver] document processing cancelled.
[15:01:01 INF Microsoft.Dafny.LanguageServer.Workspace.IdeStateObserver] document processing cancelled.
[15:01:01 INF Microsoft.Dafny.LanguageServer.Workspace.IdeStateObserver] document processing cancelled.
[15:01:05 INF Microsoft.Dafny.LanguageServer.Workspace.IdeStateObserver] document processing cancelled.
[15:01:06 INF Microsoft.Dafny.LanguageServer.Workspace.IdeStateObserver] document processing cancelled.
[15:01:07 INF Microsoft.Dafny.LanguageServer.Workspace.IdeStateObserver] document processing cancelled.
[15:01:11 WRN Microsoft.Dafny.LanguageServer.Server] Shutting down language server because parent process died.
[15:01:11 INF Microsoft.Dafny.LanguageServer.Workspace.IdeStateObserver] document processing cancelled.
tions.Generic.Dictionary`2.set_Item(TKey key, TValue value)
   at Microsoft.Dafny.VisibilityScope.VisibleInScope(VisibilityScope other)
   at Microsoft.Dafny.Translator.ComputeFunctionFuel()
   at Microsoft.Dafny.Translator.DoTranslation(Program p, ModuleDefinition forModule)
   at Microsoft.Dafny.Translator.Translate(Program p, ErrorReporter reporter, TranslatorFlags flags)+MoveNext()
   at System.Collections.Generic.List`1..ctor(IEnumerable`1 collection)
   at System.Linq.Enumerable.ToList[TSource](IEnumerable`1 source)
   at Microsoft.Dafny.LanguageServer.Language.DafnyProgramVerifier.<>c__DisplayClass4_0.<GetVerificationTasksAsync>b__1()
   at System.Threading.Tasks.Task`1.InnerInvoke()
   at System.Threading.Tasks.Task.<>c.<.cctor>b__272_0(Object obj)
   at System.Threading.ExecutionContext.RunInternal(ExecutionContext executionContext, ContextCallback callback, Object state)
--- End of stack trace from previous location ---
   at System.Threading.ExecutionContext.RunInternal(ExecutionContext executionContext, ContextCallback callback, Object state)
   at System.Threading.Tasks.Task.ExecuteWithThreadLocal(Task& currentTaskSlot, Thread threadPoolThread)
--- End of stack trace from previous location ---
   at Microsoft.Dafny.LanguageServer.Language.DafnyProgramVerifier.GetVerificationTasksAsync(CompilationAfterResolution compilation, CancellationToken cancellationToken)
   at Microsoft.Dafny.LanguageServer.Workspace.CompilationManager.PrepareVerificationTasksAsync(CompilationAfterResolution loaded, CancellationToken cancellationToken)
   at Microsoft.Dafny.LanguageServer.Workspace.CompilationManager.TranslateAsync()
[15:01:05 ERR Microsoft.Dafny.LanguageServer.Workspace.TelemetryPublisher] exception occurred
System.NullReferenceException: Object reference not set to an instance of an object.
   at System.Collections.Generic.Dictionary`2.TryInsert(TKey key, TValue value, InsertionBehavior behavior)
   at System.Collections.Generic.Dictionary`2.set_Item(TKey key, TValue value)
   at Microsoft.Dafny.VisibilityScope.VisibleInScope(VisibilityScope other)
   at Microsoft.Dafny.Translator.ComputeFunctionFuel()
   at Microsoft.Dafny.Translator.DoTranslation(Program p, ModuleDefinition forModule)
   at Microsoft.Dafny.Translator.Translate(Program p, ErrorReporter reporter, TranslatorFlags flags)+MoveNext()
   at System.Collections.Generic.List`1..ctor(IEnumerable`1 collection)
   at System.Linq.Enumerable.ToList[TSource](IEnumerable`1 source)
   at Microsoft.Dafny.LanguageServer.Language.DafnyProgramVerifier.<>c__DisplayClass4_0.<GetVerificationTasksAsync>b__1()
   at System.Threading.Tasks.Task`1.InnerInvoke()
   at System.Threading.Tasks.Task.<>c.<.cctor>b__272_0(Object obj)
   at System.Threading.ExecutionContext.RunInternal(ExecutionContext executionContext, ContextCallback callback, Object state)
--- End of stack trace from previous location ---
   at System.Threading.ExecutionContext.RunInternal(ExecutionContext executionContext, ContextCallback callback, Object state)
   at System.Threading.Tasks.Task.ExecuteWithThreadLocal(Task& currentTaskSlot, Thread threadPoolThread)
--- End of stack trace from previous location ---
   at Microsoft.Dafny.LanguageServer.Language.DafnyProgramVerifier.GetVerificationTasksAsync(CompilationAfterResolution compilation, CancellationToken cancellationToken)
   at Microsoft.Dafny.LanguageServer.Workspace.CompilationManager.PrepareVerificationTasksAsync(CompilationAfterResolution loaded, CancellationToken cancellationToken)
   at Microsoft.Dafny.LanguageServer.Workspace.CompilationManager.TranslateAsync()
[15:01:09 INF Microsoft.Dafny.LanguageServer.Workspace.IdeStateObserver] document processing cancelled.
[15:02:24 INF Microsoft.Dafny.LanguageServer.Workspace.IdeStateObserver] document processing cancelled.
[15:02:24 INF Microsoft.Dafny.LanguageServer.Workspace.IdeStateObserver] document processing cancelled.
[15:02:24 INF Microsoft.Dafny.LanguageServer.Workspace.IdeStateObserver] document processing cancelled.
[15:02:25 INF Microsoft.Dafny.LanguageServer.Workspace.IdeStateObserver] document processing cancelled.
[15:02:26 INF Microsoft.Dafny.LanguageServer.Workspace.IdeStateObserver] document processing cancelled.
[15:02:27 INF Microsoft.Dafny.LanguageServer.Workspace.IdeStateObserver] document processing cancelled.
[15:02:31 INF Microsoft.Dafny.LanguageServer.Workspace.IdeStateObserver] document processing cancelled.
[15:02:31 INF Microsoft.Dafny.LanguageServer.Workspace.IdeStateObserver] document processing cancelled.
[15:02:31 INF Microsoft.Dafny.LanguageServer.Workspace.IdeStateObserver] document processing cancelled.
[15:02:33 INF Microsoft.Dafny.LanguageServer.Workspace.IdeStateObserver] document processing cancelled.
[15:02:35 INF Microsoft.Dafny.LanguageServer.Workspace.IdeStateObserver] document processing cancelled.
[15:02:35 INF Microsoft.Dafny.LanguageServer.Workspace.IdeStateObserver] document processing cancelled.
[15:02:37 INF Microsoft.Dafny.LanguageServer.Workspace.IdeStateObserver] document processing cancelled.
[15:02:38 INF Microsoft.Dafny.LanguageServer.Workspace.IdeStateObserver] document processing cancelled.
[15:02:38 INF Microsoft.Dafny.LanguageServer.Workspace.IdeStateObserver] document processing cancelled.
[15:02:38 INF Microsoft.Dafny.LanguageServer.Workspace.IdeStateObserver] document processing cancelled.
[15:02:38 INF Microsoft.Dafny.LanguageServer.Workspace.IdeStateObserver] document processing cancelled.
[15:02:38 INF Microsoft.Dafny.LanguageServer.Workspace.IdeStateObserver] document processing cancelled.
[15:02:38 INF Microsoft.Dafny.LanguageServer.Workspace.IdeStateObserver] document processing cancelled.
[15:02:39 INF Microsoft.Dafny.LanguageServer.Workspace.IdeStateObserver] document processing cancelled.
[15:02:39 INF Microsoft.Dafny.LanguageServer.Workspace.IdeStateObserver] document processing cancelled.
[15:02:39 INF Microsoft.Dafny.LanguageServer.Workspace.IdeStateObserver] document processing cancelled.
[15:02:41 INF Microsoft.Dafny.LanguageServer.Workspace.IdeStateObserver] document processing cancelled.
[15:03:31 INF Microsoft.Dafny.LanguageServer.Workspace.IdeStateObserver] document processing cancelled.
[15:03:32 INF Microsoft.Dafny.LanguageServer.Workspace.IdeStateObserver] document processing cancelled.
[15:03:36 INF Microsoft.Dafny.LanguageServer.Workspace.IdeStateObserver] document processing cancelled.
[15:03:36 INF Microsoft.Dafny.LanguageServer.Workspace.IdeStateObserver] document processing cancelled.
[15:03:36 INF Microsoft.Dafny.LanguageServer.Workspace.IdeStateObserver] document processing cancelled.
[15:03:36 INF Microsoft.Dafny.LanguageServer.Workspace.IdeStateObserver] document processing cancelled.
[15:03:38 INF Microsoft.Dafny.LanguageServer.Workspace.IdeStateObserver] document processing cancelled.
[15:03:39 INF Microsoft.Dafny.LanguageServer.Workspace.IdeStateObserver] document processing cancelled.
[15:03:39 INF Microsoft.Dafny.LanguageServer.Workspace.IdeStateObserver] document processing cancelled.
[15:03:39 INF Microsoft.Dafny.LanguageServer.Workspace.IdeStateObserver] document processing cancelled.
[15:03:39 INF Microsoft.Dafny.LanguageServer.Workspace.IdeStateObserver] document processing cancelled.
[15:03:41 INF Microsoft.Dafny.LanguageServer.Workspace.IdeStateObserver] document processing cancelled.
[15:03:41 INF Microsoft.Dafny.LanguageServer.Workspace.IdeStateObserver] document processing cancelled.
[15:03:41 INF Microsoft.Dafny.LanguageServer.Workspace.IdeStateObserver] document processing cancelled.
[15:03:41 INF Microsoft.Dafny.LanguageServer.Workspace.IdeStateObserver] document processing cancelled.
[15:03:41 INF Microsoft.Dafny.LanguageServer.Workspace.IdeStateObserver] document processing cancelled.
[15:03:41 INF Microsoft.Dafny.LanguageServer.Workspace.IdeStateObserver] document processing cancelled.
[15:03:42 INF Microsoft.Dafny.LanguageServer.Workspace.IdeStateObserver] document processing cancelled.
[15:03:42 INF Microsoft.Dafny.LanguageServer.Workspace.IdeStateObserver] document processing cancelled.
[15:03:42 INF Microsoft.Dafny.LanguageServer.Workspace.IdeStateObserver] document processing cancelled.
[15:03:42 INF Microsoft.Dafny.LanguageServer.Workspace.IdeStateObserver] document processing cancelled.
[15:04:16 INF Microsoft.Dafny.LanguageServer.Workspace.IdeStateObserver] document processing cancelled.
[15:04:16 INF Microsoft.Dafny.LanguageServer.Workspace.IdeStateObserver] document processing cancelled.
[15:04:17 INF Microsoft.Dafny.LanguageServer.Workspace.IdeStateObserver] document processing cancelled.
[15:04:17 INF Microsoft.Dafny.LanguageServer.Workspace.IdeStateObserver] document processing cancelled.
[15:04:17 INF Microsoft.Dafny.LanguageServer.Workspace.IdeStateObserver] document processing cancelled.
[15:04:19 INF Microsoft.Dafny.LanguageServer.Workspace.IdeStateObserver] document processing cancelled.
[15:04:19 INF Microsoft.Dafny.LanguageServer.Workspace.IdeStateObserver] document processing cancelled.
[15:04:19 INF Microsoft.Dafny.LanguageServer.Workspace.IdeStateObserver] document processing cancelled.
[15:04:19 INF Microsoft.Dafny.LanguageServer.Workspace.IdeStateObserver] document processing cancelled.
[15:04:19 INF Microsoft.Dafny.LanguageServer.Workspace.IdeStateObserver] document processing cancelled.
[15:04:20 INF Microsoft.Dafny.LanguageServer.Workspace.IdeStateObserver] document processing cancelled.
[15:04:21 INF Microsoft.Dafny.LanguageServer.Workspace.IdeStateObserver] document processing cancelled.
[15:04:21 INF Microsoft.Dafny.LanguageServer.Workspace.IdeStateObserver] document processing cancelled.
[15:04:22 INF Microsoft.Dafny.LanguageServer.Workspace.IdeStateObserver] document processing cancelled.
[15:04:23 INF Microsoft.Dafny.LanguageServer.Workspace.IdeStateObserver] document processing cancelled.
[15:04:24 INF Microsoft.Dafny.LanguageServer.Workspace.IdeStateObserver] document processing cancelled.
[15:04:31 INF Microsoft.Dafny.LanguageServer.Workspace.IdeStateObserver] document processing cancelled.
[15:04:31 INF Microsoft.Dafny.LanguageServer.Workspace.IdeStateObserver] document processing cancelled.
[15:04:31 INF Microsoft.Dafny.LanguageServer.Workspace.IdeStateObserver] document processing cancelled.
[15:04:33 INF Microsoft.Dafny.LanguageServer.Workspace.IdeStateObserver] document processing cancelled.
[15:04:33 INF Microsoft.Dafny.LanguageServer.Workspace.IdeStateObserver] document processing cancelled.
[15:04:33 INF Microsoft.Dafny.LanguageServer.Workspace.IdeStateObserver] document processing cancelled.
[15:04:34 INF Microsoft.Dafny.LanguageServer.Workspace.IdeStateObserver] document processing cancelled.
[15:04:34 INF Microsoft.Dafny.LanguageServer.Workspace.IdeStateObserver] document processing cancelled.
[15:04:44 INF Microsoft.Dafny.LanguageServer.Workspace.IdeStateObserver] document processing cancelled.
[15:04:45 INF Microsoft.Dafny.LanguageServer.Workspace.IdeStateObserver] document processing cancelled.
[15:04:45 INF Microsoft.Dafny.LanguageServer.Workspace.IdeStateObserver] document processing cancelled.
[15:04:45 INF Microsoft.Dafny.LanguageServer.Workspace.IdeStateObserver] document processing cancelled.
[15:04:45 INF Microsoft.Dafny.LanguageServer.Workspace.IdeStateObserver] document processing cancelled.
[15:04:46 INF Microsoft.Dafny.LanguageServer.Workspace.IdeStateObserver] document processing cancelled.
[15:04:46 INF Microsoft.Dafny.LanguageServer.Workspace.IdeStateObserver] document processing cancelled.
[15:04:46 INF Microsoft.Dafny.LanguageServer.Workspace.IdeStateObserver] document processing cancelled.
[15:04:47 INF Microsoft.Dafny.LanguageServer.Workspace.IdeStateObserver] document processing cancelled.
[15:04:47 INF Microsoft.Dafny.LanguageServer.Workspace.IdeStateObserver] document processing cancelled.
[15:04:48 INF Microsoft.Dafny.LanguageServer.Workspace.IdeStateObserver] document processing cancelled.
[15:04:48 INF Microsoft.Dafny.LanguageServer.Workspace.IdeStateObserver] document processing cancelled.
[15:04:48 INF Microsoft.Dafny.LanguageServer.Workspace.IdeStateObserver] document processing cancelled.
[15:04:48 INF Microsoft.Dafny.LanguageServer.Workspace.IdeStateObserver] document processing cancelled.
[15:04:48 INF Microsoft.Dafny.LanguageServer.Workspace.IdeStateObserver] document processing cancelled.
[15:04:48 INF Microsoft.Dafny.LanguageServer.Workspace.IdeStateObserver] document processing cancelled.
[15:04:49 INF Microsoft.Dafny.LanguageServer.Workspace.IdeStateObserver] document processing cancelled.
[15:04:49 INF Microsoft.Dafny.LanguageServer.Workspace.IdeStateObserver] document processing cancelled.
[15:04:49 INF Microsoft.Dafny.LanguageServer.Workspace.IdeStateObserver] document processing cancelled.
[15:04:52 INF Microsoft.Dafny.LanguageServer.Workspace.IdeStateObserver] document processing cancelled.
[15:04:54 INF Microsoft.Dafny.LanguageServer.Workspace.IdeStateObserver] document processing cancelled.
[15:04:54 INF Microsoft.Dafny.LanguageServer.Workspace.IdeStateObserver] document processing cancelled.
[15:04:54 INF Microsoft.Dafny.LanguageServer.Workspace.IdeStateObserver] document processing cancelled.
[15:04:55 INF Microsoft.Dafny.LanguageServer.Workspace.IdeStateObserver] document processing cancelled.
[15:04:55 INF Microsoft.Dafny.LanguageServer.Workspace.IdeStateObserver] document processing cancelled.
[15:04:55 INF Microsoft.Dafny.LanguageServer.Workspace.IdeStateObserver] document processing cancelled.
[15:04:55 INF Microsoft.Dafny.LanguageServer.Workspace.IdeStateObserver] document processing cancelled.
[15:04:55 INF Microsoft.Dafny.LanguageServer.Workspace.IdeStateObserver] document processing cancelled.
[15:04:56 INF Microsoft.Dafny.LanguageServer.Workspace.IdeStateObserver] document processing cancelled.
[15:04:56 INF Microsoft.Dafny.LanguageServer.Workspace.IdeStateObserver] document processing cancelled.
[15:04:56 INF Microsoft.Dafny.LanguageServer.Workspace.IdeStateObserver] document processing cancelled.
[15:04:57 INF Microsoft.Dafny.LanguageServer.Workspace.IdeStateObserver] document processing cancelled.
[15:04:57 INF Microsoft.Dafny.LanguageServer.Workspace.IdeStateObserver] document processing cancelled.
[15:04:57 INF Microsoft.Dafny.LanguageServer.Workspace.IdeStateObserver] document processing cancelled.
[15:04:57 INF Microsoft.Dafny.LanguageServer.Workspace.IdeStateObserver] document processing cancelled.
[15:04:57 INF Microsoft.Dafny.LanguageServer.Workspace.IdeStateObserver] document processing cancelled.
[15:04:58 INF Microsoft.Dafny.LanguageServer.Workspace.IdeStateObserver] document processing cancelled.
[15:04:58 INF Microsoft.Dafny.LanguageServer.Workspace.IdeStateObserver] document processing cancelled.
[15:04:58 INF Microsoft.Dafny.LanguageServer.Workspace.IdeStateObserver] document processing cancelled.
[15:05:00 INF Microsoft.Dafny.LanguageServer.Workspace.IdeStateObserver] document processing cancelled.
[15:05:06 INF Microsoft.Dafny.LanguageServer.Workspace.IdeStateObserver] document processing cancelled.
[15:05:07 INF Microsoft.Dafny.LanguageServer.Workspace.IdeStateObserver] document processing cancelled.
[15:05:17 INF Microsoft.Dafny.LanguageServer.Workspace.IdeStateObserver] document processing cancelled.
[15:05:17 INF Microsoft.Dafny.LanguageServer.Workspace.IdeStateObserver] document processing cancelled.
[15:05:18 INF Microsoft.Dafny.LanguageServer.Workspace.IdeStateObserver] document processing cancelled.
[15:05:18 INF Microsoft.Dafny.LanguageServer.Workspace.IdeStateObserver] document processing cancelled.
[15:05:18 INF Microsoft.Dafny.LanguageServer.Workspace.IdeStateObserver] document processing cancelled.
[15:05:18 INF Microsoft.Dafny.LanguageServer.Workspace.IdeStateObserver] document processing cancelled.
[15:05:18 INF Microsoft.Dafny.LanguageServer.Workspace.IdeStateObserver] document processing cancelled.
[15:05:21 INF Microsoft.Dafny.LanguageServer.Workspace.IdeStateObserver] document processing cancelled.
[15:05:49 INF Microsoft.Dafny.LanguageServer.Workspace.IdeStateObserver] document processing cancelled.
[15:05:49 INF Microsoft.Dafny.LanguageServer.Workspace.IdeStateObserver] document processing cancelled.
[15:05:54 INF Microsoft.Dafny.LanguageServer.Workspace.IdeStateObserver] document processing cancelled.
[15:05:58 INF Microsoft.Dafny.LanguageServer.Workspace.IdeStateObserver] document processing cancelled.
[15:05:59 INF Microsoft.Dafny.LanguageServer.Workspace.IdeStateObserver] document processing cancelled.
[15:05:59 INF Microsoft.Dafny.LanguageServer.Workspace.IdeStateObserver] document processing cancelled.
[15:05:59 INF Microsoft.Dafny.LanguageServer.Workspace.IdeStateObserver] document processing cancelled.
[15:06:17 INF Microsoft.Dafny.LanguageServer.Workspace.IdeStateObserver] document processing cancelled.
[15:06:17 INF Microsoft.Dafny.LanguageServer.Workspace.IdeStateObserver] document processing cancelled.
[15:06:17 INF Microsoft.Dafny.LanguageServer.Workspace.IdeStateObserver] document processing cancelled.
[15:06:20 INF Microsoft.Dafny.LanguageServer.Workspace.IdeStateObserver] document processing cancelled.
[15:06:20 INF Microsoft.Dafny.LanguageServer.Workspace.IdeStateObserver] document processing cancelled.
[15:06:20 INF Microsoft.Dafny.LanguageServer.Workspace.IdeStateObserver] document processing cancelled.
[15:06:23 INF Microsoft.Dafny.LanguageServer.Workspace.IdeStateObserver] document processing cancelled.
[15:06:23 INF Microsoft.Dafny.LanguageServer.Workspace.IdeStateObserver] document processing cancelled.
[15:06:23 INF Microsoft.Dafny.LanguageServer.Workspace.IdeStateObserver] document processing cancelled.
[15:06:23 INF Microsoft.Dafny.LanguageServer.Workspace.IdeStateObserver] document processing cancelled.
[15:06:24 INF Microsoft.Dafny.LanguageServer.Workspace.IdeStateObserver] document processing cancelled.
[15:06:24 INF Microsoft.Dafny.LanguageServer.Workspace.IdeStateObserver] document processing cancelled.
[15:06:24 INF Microsoft.Dafny.LanguageServer.Workspace.IdeStateObserver] document processing cancelled.
[15:06:25 INF Microsoft.Dafny.LanguageServer.Workspace.IdeStateObserver] document processing cancelled.
[15:06:25 INF Microsoft.Dafny.LanguageServer.Workspace.IdeStateObserver] document processing cancelled.
[15:06:25 INF Microsoft.Dafny.LanguageServer.Workspace.IdeStateObserver] document processing cancelled.
[15:06:25 INF Microsoft.Dafny.LanguageServer.Workspace.IdeStateObserver] document processing cancelled.
[15:06:26 INF Microsoft.Dafny.LanguageServer.Workspace.IdeStateObserver] document processing cancelled.
[15:06:26 INF Microsoft.Dafny.LanguageServer.Workspace.IdeStateObserver] document processing cancelled.
[15:06:56 INF Microsoft.Dafny.LanguageServer.Workspace.IdeStateObserver] document processing cancelled.
[15:06:56 INF Microsoft.Dafny.LanguageServer.Workspace.IdeStateObserver] document processing cancelled.
[15:06:57 INF Microsoft.Dafny.LanguageServer.Workspace.IdeStateObserver] document processing cancelled.
[15:18:00 INF Microsoft.Dafny.LanguageServer.Workspace.IdeStateObserver] document processing cancelled.
[15:20:18 INF Microsoft.Dafny.LanguageServer.Workspace.IdeStateObserver] document processing cancelled.
[15:21:21 INF Microsoft.Dafny.LanguageServer.Workspace.IdeStateObserver] document processing cancelled.
[15:21:22 INF Microsoft.Dafny.LanguageServer.Workspace.IdeStateObserver] document processing cancelled.
[15:21:24 INF Microsoft.Dafny.LanguageServer.Workspace.IdeStateObserver] document processing cancelled.
[15:21:24 INF Microsoft.Dafny.LanguageServer.Workspace.IdeStateObserver] document processing cancelled.
[15:21:25 INF Microsoft.Dafny.LanguageServer.Workspace.IdeStateObserver] document processing cancelled.
[15:21:25 INF Microsoft.Dafny.LanguageServer.Workspace.IdeStateObserver] document processing cancelled.
[15:21:26 INF Microsoft.Dafny.LanguageServer.Workspace.IdeStateObserver] document processing cancelled.
[15:22:13 INF Microsoft.Dafny.LanguageServer.Workspace.IdeStateObserver] document processing cancelled.
[15:23:22 INF Microsoft.Dafny.LanguageServer.Workspace.IdeStateObserver] document processing cancelled.
[15:23:24 INF Microsoft.Dafny.LanguageServer.Workspace.IdeStateObserver] document processing cancelled.
[15:23:24 INF Microsoft.Dafny.LanguageServer.Workspace.IdeStateObserver] document processing cancelled.
[15:23:25 INF Microsoft.Dafny.LanguageServer.Workspace.IdeStateObserver] document processing cancelled.
[15:23:25 INF Microsoft.Dafny.LanguageServer.Workspace.IdeStateObserver] document processing cancelled.
[15:23:25 INF Microsoft.Dafny.LanguageServer.Workspace.IdeStateObserver] document processing cancelled.
[15:23:25 INF Microsoft.Dafny.LanguageServer.Workspace.IdeStateObserver] document processing cancelled.
[15:23:25 INF Microsoft.Dafny.LanguageServer.Workspace.IdeStateObserver] document processing cancelled.
[15:23:25 INF Microsoft.Dafny.LanguageServer.Workspace.IdeStateObserver] document processing cancelled.
[15:23:26 INF Microsoft.Dafny.LanguageServer.Workspace.IdeStateObserver] document processing cancelled.
[15:23:26 INF Microsoft.Dafny.LanguageServer.Workspace.IdeStateObserver] document processing cancelled.
[15:23:26 INF Microsoft.Dafny.LanguageServer.Workspace.IdeStateObserver] document processing cancelled.
[15:23:26 INF Microsoft.Dafny.LanguageServer.Workspace.IdeStateObserver] document processing cancelled.
[15:23:27 INF Microsoft.Dafny.LanguageServer.Workspace.IdeStateObserver] document processing cancelled.
[15:23:27 INF Microsoft.Dafny.LanguageServer.Workspace.IdeStateObserver] document processing cancelled.
[15:24:05 INF Microsoft.Dafny.LanguageServer.Workspace.IdeStateObserver] document processing cancelled.
[15:24:11 INF Microsoft.Dafny.LanguageServer.Workspace.IdeStateObserver] document processing cancelled.
[15:24:20 INF Microsoft.Dafny.LanguageServer.Workspace.IdeStateObserver] document processing cancelled.
[15:24:23 INF Microsoft.Dafny.LanguageServer.Workspace.IdeStateObserver] document processing cancelled.
[15:24:25 INF Microsoft.Dafny.LanguageServer.Workspace.IdeStateObserver] document processing cancelled.
[15:24:25 INF Microsoft.Dafny.LanguageServer.Workspace.IdeStateObserver] document processing cancelled.
[15:24:26 INF Microsoft.Dafny.LanguageServer.Workspace.IdeStateObserver] document processing cancelled.
[15:24:26 INF Microsoft.Dafny.LanguageServer.Workspace.IdeStateObserver] document processing cancelled.
[15:24:28 INF Microsoft.Dafny.LanguageServer.Workspace.IdeStateObserver] document processing cancelled.
[15:24:28 INF Microsoft.Dafny.LanguageServer.Workspace.IdeStateObserver] document processing cancelled.
[15:24:29 INF Microsoft.Dafny.LanguageServer.Workspace.IdeStateObserver] document processing cancelled.
[15:24:29 INF Microsoft.Dafny.LanguageServer.Workspace.IdeStateObserver] document processing cancelled.
[15:24:33 INF Microsoft.Dafny.LanguageServer.Workspace.IdeStateObserver] document processing cancelled.
[15:24:33 INF Microsoft.Dafny.LanguageServer.Workspace.IdeStateObserver] document processing cancelled.
[15:24:33 INF Microsoft.Dafny.LanguageServer.Workspace.IdeStateObserver] document processing cancelled.
[15:24:34 INF Microsoft.Dafny.LanguageServer.Workspace.IdeStateObserver] document processing cancelled.
[15:24:34 INF Microsoft.Dafny.LanguageServer.Workspace.IdeStateObserver] document processing cancelled.
[15:24:34 INF Microsoft.Dafny.LanguageServer.Workspace.IdeStateObserver] document processing cancelled.
[15:24:56 INF Microsoft.Dafny.LanguageServer.Workspace.IdeStateObserver] document processing cancelled.
[15:25:47 INF Microsoft.Dafny.LanguageServer.Workspace.IdeStateObserver] document processing cancelled.
[15:25:56 INF Microsoft.Dafny.LanguageServer.Workspace.IdeStateObserver] document processing cancelled.
[15:27:27 INF Microsoft.Dafny.LanguageServer.Workspace.IdeStateObserver] document processing cancelled.
[15:30:10 WRN Microsoft.Dafny.LanguageServer.Server] Shutting down language server because parent process died.
urationItems have been defined, configuration won't surface any configuration from the client!
[15:30:12 INF Microsoft.Dafny.LanguageServer.Workspace.IdeStateObserver] document processing cancelled.
[15:30:24 INF Microsoft.Dafny.LanguageServer.Workspace.IdeStateObserver] document processing cancelled.
[15:30:24 INF Microsoft.Dafny.LanguageServer.Workspace.IdeStateObserver] document processing cancelled.
[15:30:24 INF Microsoft.Dafny.LanguageServer.Workspace.IdeStateObserver] document processing cancelled.
[15:30:25 INF Microsoft.Dafny.LanguageServer.Workspace.IdeStateObserver] document processing cancelled.
[15:30:25 INF Microsoft.Dafny.LanguageServer.Workspace.IdeStateObserver] document processing cancelled.
[15:30:26 INF Microsoft.Dafny.LanguageServer.Workspace.IdeStateObserver] document processing cancelled.
[15:30:26 INF Microsoft.Dafny.LanguageServer.Workspace.IdeStateObserver] document processing cancelled.
[15:30:29 INF Microsoft.Dafny.LanguageServer.Workspace.IdeStateObserver] document processing cancelled.
[15:30:29 INF Microsoft.Dafny.LanguageServer.Workspace.IdeStateObserver] document processing cancelled.
[15:30:32 INF Microsoft.Dafny.LanguageServer.Workspace.IdeStateObserver] document processing cancelled.
[15:30:32 INF Microsoft.Dafny.LanguageServer.Workspace.IdeStateObserver] document processing cancelled.
[15:30:32 INF Microsoft.Dafny.LanguageServer.Workspace.IdeStateObserver] document processing cancelled.
[15:30:34 INF Microsoft.Dafny.LanguageServer.Workspace.IdeStateObserver] document processing cancelled.
[15:30:35 INF Microsoft.Dafny.LanguageServer.Workspace.IdeStateObserver] document processing cancelled.
[15:30:35 INF Microsoft.Dafny.LanguageServer.Workspace.IdeStateObserver] document processing cancelled.
[15:30:35 INF Microsoft.Dafny.LanguageServer.Workspace.IdeStateObserver] document processing cancelled.
[15:30:35 INF Microsoft.Dafny.LanguageServer.Workspace.IdeStateObserver] document processing cancelled.
[15:30:35 INF Microsoft.Dafny.LanguageServer.Workspace.IdeStateObserver] document processing cancelled.
[15:30:36 INF Microsoft.Dafny.LanguageServer.Workspace.IdeStateObserver] document processing cancelled.
[15:30:36 INF Microsoft.Dafny.LanguageServer.Workspace.IdeStateObserver] document processing cancelled.
[15:30:37 INF Microsoft.Dafny.LanguageServer.Workspace.IdeStateObserver] document processing cancelled.
[15:30:38 INF Microsoft.Dafny.LanguageServer.Workspace.IdeStateObserver] document processing cancelled.
[15:30:38 INF Microsoft.Dafny.LanguageServer.Workspace.IdeStateObserver] document processing cancelled.
[15:30:38 INF Microsoft.Dafny.LanguageServer.Workspace.IdeStateObserver] document processing cancelled.
[15:30:42 INF Microsoft.Dafny.LanguageServer.Workspace.IdeStateObserver] document processing cancelled.
[15:30:42 INF Microsoft.Dafny.LanguageServer.Workspace.IdeStateObserver] document processing cancelled.
[15:30:42 INF Microsoft.Dafny.LanguageServer.Workspace.IdeStateObserver] document processing cancelled.
[15:30:42 INF Microsoft.Dafny.LanguageServer.Workspace.IdeStateObserver] document processing cancelled.
[15:30:43 INF Microsoft.Dafny.LanguageServer.Workspace.IdeStateObserver] document processing cancelled.
[15:30:43 INF Microsoft.Dafny.LanguageServer.Workspace.IdeStateObserver] document processing cancelled.
[15:30:43 INF Microsoft.Dafny.LanguageServer.Workspace.IdeStateObserver] document processing cancelled.
[15:30:43 INF Microsoft.Dafny.LanguageServer.Workspace.IdeStateObserver] document processing cancelled.
[15:30:43 INF Microsoft.Dafny.LanguageServer.Workspace.IdeStateObserver] document processing cancelled.
[15:30:44 INF Microsoft.Dafny.LanguageServer.Workspace.IdeStateObserver] document processing cancelled.
[15:30:44 INF Microsoft.Dafny.LanguageServer.Workspace.IdeStateObserver] document processing cancelled.
[15:30:45 INF Microsoft.Dafny.LanguageServer.Workspace.IdeStateObserver] document processing cancelled.
[15:30:45 INF Microsoft.Dafny.LanguageServer.Workspace.IdeStateObserver] document processing cancelled.
[15:30:45 INF Microsoft.Dafny.LanguageServer.Workspace.IdeStateObserver] document processing cancelled.
[15:30:46 INF Microsoft.Dafny.LanguageServer.Workspace.IdeStateObserver] document processing cancelled.
[15:30:47 INF Microsoft.Dafny.LanguageServer.Workspace.IdeStateObserver] document processing cancelled.
[15:30:54 INF Microsoft.Dafny.LanguageServer.Workspace.IdeStateObserver] document processing cancelled.
[15:31:05 INF Microsoft.Dafny.LanguageServer.Workspace.IdeStateObserver] document processing cancelled.
[15:31:10 INF Microsoft.Dafny.LanguageServer.Workspace.IdeStateObserver] document processing cancelled.
[15:31:10 INF Microsoft.Dafny.LanguageServer.Workspace.IdeStateObserver] document processing cancelled.
[15:31:10 INF Microsoft.Dafny.LanguageServer.Workspace.IdeStateObserver] document processing cancelled.
[15:31:11 INF Microsoft.Dafny.LanguageServer.Workspace.IdeStateObserver] document processing cancelled.
[15:31:11 INF Microsoft.Dafny.LanguageServer.Workspace.IdeStateObserver] document processing cancelled.
[15:31:11 INF Microsoft.Dafny.LanguageServer.Workspace.IdeStateObserver] document processing cancelled.
[15:31:11 INF Microsoft.Dafny.LanguageServer.Workspace.IdeStateObserver] document processing cancelled.
[15:31:11 INF Microsoft.Dafny.LanguageServer.Workspace.IdeStateObserver] document processing cancelled.
[15:31:12 INF Microsoft.Dafny.LanguageServer.Workspace.IdeStateObserver] document processing cancelled.
[15:31:12 INF Microsoft.Dafny.LanguageServer.Workspace.IdeStateObserver] document processing cancelled.
[15:31:12 INF Microsoft.Dafny.LanguageServer.Workspace.IdeStateObserver] document processing cancelled.
[15:31:12 INF Microsoft.Dafny.LanguageServer.Workspace.IdeStateObserver] document processing cancelled.
[15:31:13 INF Microsoft.Dafny.LanguageServer.Workspace.IdeStateObserver] document processing cancelled.
[15:31:13 INF Microsoft.Dafny.LanguageServer.Workspace.IdeStateObserver] document processing cancelled.
[15:31:13 INF Microsoft.Dafny.LanguageServer.Workspace.IdeStateObserver] document processing cancelled.
[15:31:13 INF Microsoft.Dafny.LanguageServer.Workspace.IdeStateObserver] document processing cancelled.
[15:31:34 INF Microsoft.Dafny.LanguageServer.Workspace.IdeStateObserver] document processing cancelled.
[15:31:34 INF Microsoft.Dafny.LanguageServer.Workspace.IdeStateObserver] document processing cancelled.
[15:31:35 INF Microsoft.Dafny.LanguageServer.Workspace.IdeStateObserver] document processing cancelled.
[15:31:35 INF Microsoft.Dafny.LanguageServer.Workspace.IdeStateObserver] document processing cancelled.
[15:31:35 INF Microsoft.Dafny.LanguageServer.Workspace.IdeStateObserver] document processing cancelled.
[15:31:37 INF Microsoft.Dafny.LanguageServer.Workspace.IdeStateObserver] document processing cancelled.
[15:31:37 INF Microsoft.Dafny.LanguageServer.Workspace.IdeStateObserver] document processing cancelled.
[15:31:40 INF Microsoft.Dafny.LanguageServer.Workspace.IdeStateObserver] document processing cancelled.
[15:31:40 INF Microsoft.Dafny.LanguageServer.Workspace.IdeStateObserver] document processing cancelled.
[15:31:40 INF Microsoft.Dafny.LanguageServer.Workspace.IdeStateObserver] document processing cancelled.
[15:31:41 INF Microsoft.Dafny.LanguageServer.Workspace.IdeStateObserver] document processing cancelled.
[15:31:51 WRN Microsoft.Dafny.LanguageServer.Server] Shutting down language server because parent process died.
urationItems have been defined, configuration won't surface any configuration from the client!
[15:32:28 INF Microsoft.Dafny.LanguageServer.Workspace.IdeStateObserver] document processing cancelled.
[15:32:28 INF Microsoft.Dafny.LanguageServer.Workspace.IdeStateObserver] document processing cancelled.
[15:32:29 INF Microsoft.Dafny.LanguageServer.Workspace.IdeStateObserver] document processing cancelled.
[15:32:30 INF Microsoft.Dafny.LanguageServer.Workspace.IdeStateObserver] document processing cancelled.
[15:33:44 INF Microsoft.Dafny.LanguageServer.Workspace.IdeStateObserver] document processing cancelled.
[15:33:51 INF Microsoft.Dafny.LanguageServer.Workspace.IdeStateObserver] document processing cancelled.
[15:33:54 INF Microsoft.Dafny.LanguageServer.Workspace.IdeStateObserver] document processing cancelled.
[15:33:54 INF Microsoft.Dafny.LanguageServer.Workspace.IdeStateObserver] document processing cancelled.
[15:33:54 INF Microsoft.Dafny.LanguageServer.Workspace.IdeStateObserver] document processing cancelled.
[15:33:54 INF Microsoft.Dafny.LanguageServer.Workspace.IdeStateObserver] document processing cancelled.
[15:33:55 INF Microsoft.Dafny.LanguageServer.Workspace.IdeStateObserver] document processing cancelled.
[15:33:55 INF Microsoft.Dafny.LanguageServer.Workspace.IdeStateObserver] document processing cancelled.
[15:33:55 INF Microsoft.Dafny.LanguageServer.Workspace.IdeStateObserver] document processing cancelled.
[15:33:56 INF Microsoft.Dafny.LanguageServer.Workspace.IdeStateObserver] document processing cancelled.
[15:33:56 INF Microsoft.Dafny.LanguageServer.Workspace.IdeStateObserver] document processing cancelled.
[15:33:56 INF Microsoft.Dafny.LanguageServer.Workspace.IdeStateObserver] document processing cancelled.
[15:33:56 INF Microsoft.Dafny.LanguageServer.Workspace.IdeStateObserver] document processing cancelled.
[15:33:56 INF Microsoft.Dafny.LanguageServer.Workspace.IdeStateObserver] document processing cancelled.
[15:33:57 INF Microsoft.Dafny.LanguageServer.Workspace.IdeStateObserver] document processing cancelled.
[15:33:57 INF Microsoft.Dafny.LanguageServer.Workspace.IdeStateObserver] document processing cancelled.
[15:33:57 INF Microsoft.Dafny.LanguageServer.Workspace.IdeStateObserver] document processing cancelled.
[15:33:57 INF Microsoft.Dafny.LanguageServer.Workspace.IdeStateObserver] document processing cancelled.
[15:33:57 INF Microsoft.Dafny.LanguageServer.Workspace.IdeStateObserver] document processing cancelled.
[15:33:58 INF Microsoft.Dafny.LanguageServer.Workspace.IdeStateObserver] document processing cancelled.
[15:33:58 INF Microsoft.Dafny.LanguageServer.Workspace.IdeStateObserver] document processing cancelled.
[15:33:58 INF Microsoft.Dafny.LanguageServer.Workspace.IdeStateObserver] document processing cancelled.
[15:33:58 INF Microsoft.Dafny.LanguageServer.Workspace.IdeStateObserver] document processing cancelled.
[15:33:58 INF Microsoft.Dafny.LanguageServer.Workspace.IdeStateObserver] document processing cancelled.
[15:33:58 INF Microsoft.Dafny.LanguageServer.Workspace.IdeStateObserver] document processing cancelled.
[15:33:58 INF Microsoft.Dafny.LanguageServer.Workspace.IdeStateObserver] document processing cancelled.
[15:33:58 INF Microsoft.Dafny.LanguageServer.Workspace.IdeStateObserver] document processing cancelled.
[15:33:58 INF Microsoft.Dafny.LanguageServer.Workspace.IdeStateObserver] document processing cancelled.
[15:33:59 INF Microsoft.Dafny.LanguageServer.Workspace.IdeStateObserver] document processing cancelled.
[15:33:59 INF Microsoft.Dafny.LanguageServer.Workspace.IdeStateObserver] document processing cancelled.
[15:34:39 INF Microsoft.Dafny.LanguageServer.Workspace.IdeStateObserver] document processing cancelled.
[15:34:39 INF Microsoft.Dafny.LanguageServer.Workspace.IdeStateObserver] document processing cancelled.
[15:34:39 INF Microsoft.Dafny.LanguageServer.Workspace.IdeStateObserver] document processing cancelled.
[15:34:39 INF Microsoft.Dafny.LanguageServer.Workspace.IdeStateObserver] document processing cancelled.
[15:34:39 INF Microsoft.Dafny.LanguageServer.Workspace.IdeStateObserver] document processing cancelled.
[15:34:39 INF Microsoft.Dafny.LanguageServer.Workspace.IdeStateObserver] document processing cancelled.
[15:34:39 INF Microsoft.Dafny.LanguageServer.Workspace.IdeStateObserver] document processing cancelled.
[15:34:40 INF Microsoft.Dafny.LanguageServer.Workspace.IdeStateObserver] document processing cancelled.
[15:34:40 INF Microsoft.Dafny.LanguageServer.Workspace.IdeStateObserver] document processing cancelled.
[15:34:40 INF Microsoft.Dafny.LanguageServer.Workspace.IdeStateObserver] document processing cancelled.
[15:34:41 INF Microsoft.Dafny.LanguageServer.Workspace.IdeStateObserver] document processing cancelled.
[15:35:05 INF Microsoft.Dafny.LanguageServer.Workspace.IdeStateObserver] document processing cancelled.
[15:35:37 INF Microsoft.Dafny.LanguageServer.Workspace.IdeStateObserver] document processing cancelled.
